<?xml version="1.0" encoding="UTF-8"?>
<!-- Generated by org.testng.reporters.JUnitReportReporter -->
<testsuite hostname="WKWZTZEXhlyjsuc" failures="0" tests="1" name="TestNGPractice.HandleDynamicelements1Test" time="14.541" errors="0" timestamp="2022-11-22T19:09:38 IST" skipped="0">
  <testcase classname="TestNGPractice.HandleDynamicelements1Test" name="test7" time="14.541"/>
  <system-out/>
</testsuite> <!-- TestNGPractice.HandleDynamicelements1Test -->
