<?xml version="1.0" encoding="UTF-8"?>
<!-- Generated by org.testng.reporters.JUnitReportReporter -->
<testsuite hostname="WKWZTZEXhlyjsuc" failures="0" tests="1" name="TestNGPractice.HandleAutoSuggestionsTest" time="8.424" errors="0" timestamp="2022-11-22T19:09:38 IST" skipped="0">
  <testcase classname="TestNGPractice.HandleAutoSuggestionsTest" name="test9" time="8.424"/>
  <system-out/>
</testsuite> <!-- TestNGPractice.HandleAutoSuggestionsTest -->
