<?xml version="1.0" encoding="UTF-8"?>
<!-- Generated by org.testng.reporters.JUnitReportReporter -->
<testsuite hostname="WKWZTZEXhlyjsuc" failures="0" tests="1" name="TestNGPractice.day1AssignmentTest" time="9.408" errors="0" timestamp="2022-11-22T19:09:38 IST" skipped="0">
  <testcase classname="TestNGPractice.day1AssignmentTest" name="test2" time="9.408"/>
  <system-out/>
</testsuite> <!-- TestNGPractice.day1AssignmentTest -->
