<?xml version="1.0" encoding="UTF-8"?>
<!-- Generated by org.testng.reporters.JUnitReportReporter -->
<testsuite hostname="WKWZTZEXhlyjsuc" failures="0" tests="1" name="Day4.ReadingExcel" time="0.389" errors="0" timestamp="2022-11-23T12:22:46 IST" skipped="0">
  <testcase classname="Day4.ReadingExcel" name="testData" time="0.389"/>
  <system-out/>
</testsuite> <!-- Day4.ReadingExcel -->
