<?xml version="1.0" encoding="UTF-8"?>
<!-- Generated by org.testng.reporters.JUnitReportReporter -->
<testsuite hostname="WKWZTZEXhlyjsuc" failures="0" tests="1" name="TestNGPractice.HandleAutoSuggestionsTest" time="10.836" errors="0" timestamp="2022-11-23T15:51:25 IST" skipped="0">
  <testcase classname="TestNGPractice.HandleAutoSuggestionsTest" name="test9" time="10.836"/>
  <system-out/>
</testsuite> <!-- TestNGPractice.HandleAutoSuggestionsTest -->
