<?xml version="1.0" encoding="UTF-8"?>
<!-- Generated by org.testng.reporters.JUnitReportReporter -->
<testsuite hostname="WKWZTZEXhlyjsuc" failures="0" tests="1" name="TestNGPractice.day1AssignmentTest" time="9.623" errors="0" timestamp="2022-11-23T15:51:25 IST" skipped="0">
  <testcase classname="TestNGPractice.day1AssignmentTest" name="test2" time="9.623"/>
  <system-out/>
</testsuite> <!-- TestNGPractice.day1AssignmentTest -->
