<?xml version="1.0" encoding="UTF-8"?>
<!-- Generated by org.testng.reporters.JUnitReportReporter -->
<testsuite hostname="WKWZTZEXhlyjsuc" failures="0" tests="1" name="TestNGPractice.MyFirstSeleniumScriptTest" time="5.722" errors="0" timestamp="2022-11-23T15:51:25 IST" skipped="0">
  <testcase classname="TestNGPractice.MyFirstSeleniumScriptTest" name="test3" time="5.722"/>
  <system-out/>
</testsuite> <!-- TestNGPractice.MyFirstSeleniumScriptTest -->
